0 info it worked if it ends with ok
1 verbose cli [ 'C:\\node_js\\node.exe',
1 verbose cli   'C:\\node_js\\node_modules\\npm\\bin\\npm-cli.js',
1 verbose cli   'run',
1 verbose cli   'nodemon' ]
2 info using npm@3.10.10
3 info using node@v6.11.1
4 verbose run-script [ 'prenodemon', 'nodemon', 'postnodemon' ]
5 info lifecycle socket@1.0.0~prenodemon: socket@1.0.0
6 silly lifecycle socket@1.0.0~prenodemon: no script for prenodemon, continuing
7 info lifecycle socket@1.0.0~nodemon: socket@1.0.0
8 verbose lifecycle socket@1.0.0~nodemon: unsafe-perm in lifecycle true
9 verbose lifecycle socket@1.0.0~nodemon: PATH: C:\node_js\node_modules\npm\bin\node-gyp-bin;C:\xampp\htdocs\first node js socket code with harry\node_modules\.bin;C:\Program Files\Common Files\Oracle\Java\javapath;C:\Windows\system32;C:\Windows;C:\Windows\System32\Wbem;C:\Windows\System32\WindowsPowerShell\v1.0\;C:\xampp\php;C:\composer;C:\node_js\;C:\Users\user\AppData\Local\Programs\Python\Python36-32\Scripts;C:\Users\user\AppData\Local\Programs\Python\Python36-32;D:\My Files\vscode\bin;C:\ALL OF MY KACHRA\Installed Software\intellij\IntelliJ IDEA 2018.3.6\bin;;C:\ALL OF MY KACHRA\Installed Software\intellij\IntelliJ IDEA Community Edition 2018.3.6\bin;;C:\Users\user\AppData\Local\Android\sdk\cmdline-tools\latest\bin;C:\Users\user\Downloads\gradle-7.0.2-bin\gradle-7.0.2\bin;C:\Users\user\AppData\Local\Android\sdk\tools\bin;C:\Users\user\AppData\Local\Android\sdk\platform-tools;C:\Users\user\AppData\Local\Android\sdk;C:\ALL OF MY KACHRA\Installed Software\firefox;C:\Users\user\AppData\Roaming\Composer\vendor\bin;C:\Users\user\AppData\Roaming\npm;C:\xampp\htdocs\first node js socket code with harry\node_modules
10 verbose lifecycle socket@1.0.0~nodemon: CWD: C:\xampp\htdocs\first node js socket code with harry
11 silly lifecycle socket@1.0.0~nodemon: Args: [ '/d /s /c', 'nodemon index.js' ]
12 silly lifecycle socket@1.0.0~nodemon: Returned: code: 1  signal: null
13 info lifecycle socket@1.0.0~nodemon: Failed to exec nodemon script
14 verbose stack Error: socket@1.0.0 nodemon: `nodemon index.js`
14 verbose stack Exit status 1
14 verbose stack     at EventEmitter.<anonymous> (C:\node_js\node_modules\npm\lib\utils\lifecycle.js:255:16)
14 verbose stack     at emitTwo (events.js:106:13)
14 verbose stack     at EventEmitter.emit (events.js:191:7)
14 verbose stack     at ChildProcess.<anonymous> (C:\node_js\node_modules\npm\lib\utils\spawn.js:40:14)
14 verbose stack     at emitTwo (events.js:106:13)
14 verbose stack     at ChildProcess.emit (events.js:191:7)
14 verbose stack     at maybeClose (internal/child_process.js:891:16)
14 verbose stack     at Process.ChildProcess._handle.onexit (internal/child_process.js:226:5)
15 verbose pkgid socket@1.0.0
16 verbose cwd C:\xampp\htdocs\first node js socket code with harry
17 error Windows_NT 6.1.7601
18 error argv "C:\\node_js\\node.exe" "C:\\node_js\\node_modules\\npm\\bin\\npm-cli.js" "run" "nodemon"
19 error node v6.11.1
20 error npm  v3.10.10
21 error code ELIFECYCLE
22 error socket@1.0.0 nodemon: `nodemon index.js`
22 error Exit status 1
23 error Failed at the socket@1.0.0 nodemon script 'nodemon index.js'.
23 error Make sure you have the latest version of node.js and npm installed.
23 error If you do, this is most likely a problem with the socket package,
23 error not with npm itself.
23 error Tell the author that this fails on your system:
23 error     nodemon index.js
23 error You can get information on how to open an issue for this project with:
23 error     npm bugs socket
23 error Or if that isn't available, you can get their info via:
23 error     npm owner ls socket
23 error There is likely additional logging output above.
24 verbose exit [ 1, true ]
